0 info it worked if it ends with ok
1 verbose cli [ '/root/software/node-v5.6.0-linux-x64/bin/node',
1 verbose cli   '/root/software/node-v5.6.0-linux-x64/bin/npm',
1 verbose cli   'start' ]
2 info using npm@3.6.0
3 info using node@v5.6.0
4 verbose run-script [ 'prestart', 'start', 'poststart' ]
5 info lifecycle chamber@0.0.0~prestart: chamber@0.0.0
6 silly lifecycle chamber@0.0.0~prestart: no script for prestart, continuing
7 info lifecycle chamber@0.0.0~start: chamber@0.0.0
8 verbose lifecycle chamber@0.0.0~start: unsafe-perm in lifecycle true
9 verbose lifecycle chamber@0.0.0~start: PATH: /root/software/node-v5.6.0-linux-x64/lib/node_modules/npm/bin/node-gyp-bin:/root/h5-env/server/node_modules/.bin:/usr/local/sbin:/usr/local/bin:/sbin:/bin:/usr/sbin:/usr/bin:/root/bin:/root/software/node-v5.6.0-linux-x64/bin:/usr/local/nginx/sbin:/root/bin:/root/software/node-v4.4.3-linux-x64/bin:/usr/local/nginx/sbin
10 verbose lifecycle chamber@0.0.0~start: CWD: /root/h5-env/server
11 silly lifecycle chamber@0.0.0~start: Args: [ '-c', 'node-dev ./bin/www' ]
12 info lifecycle chamber@0.0.0~start: Failed to exec start script
13 verbose stack Error: chamber@0.0.0 start: `node-dev ./bin/www`
13 verbose stack spawn ENOENT
13 verbose stack     at ChildProcess.<anonymous> (/root/software/node-v5.6.0-linux-x64/lib/node_modules/npm/lib/utils/spawn.js:17:16)
13 verbose stack     at emitTwo (events.js:100:13)
13 verbose stack     at ChildProcess.emit (events.js:185:7)
13 verbose stack     at maybeClose (internal/child_process.js:827:16)
13 verbose stack     at Process.ChildProcess._handle.onexit (internal/child_process.js:211:5)
14 verbose pkgid chamber@0.0.0
15 verbose cwd /root/h5-env/server
16 error Linux 2.6.32-573.22.1.el6.x86_64
17 error argv "/root/software/node-v5.6.0-linux-x64/bin/node" "/root/software/node-v5.6.0-linux-x64/bin/npm" "start"
18 error node v5.6.0
19 error npm  v3.6.0
20 error file sh
21 error code ELIFECYCLE
22 error errno ENOENT
23 error syscall spawn
24 error chamber@0.0.0 start: `node-dev ./bin/www`
24 error spawn ENOENT
25 error Failed at the chamber@0.0.0 start script 'node-dev ./bin/www'.
25 error Make sure you have the latest version of node.js and npm installed.
25 error If you do, this is most likely a problem with the chamber package,
25 error not with npm itself.
25 error Tell the author that this fails on your system:
25 error     node-dev ./bin/www
25 error You can get information on how to open an issue for this project with:
25 error     npm bugs chamber
25 error Or if that isn't available, you can get their info via:
25 error     npm owner ls chamber
25 error There is likely additional logging output above.
26 verbose exit [ 1, true ]
